c:\users\usuario\documents\proyectos de git hub\tpv2_2324\tpv2_practica_2\tpv2\x64\debug\vc143.pdb
c:\users\usuario\documents\proyectos de git hub\tpv2_2324\tpv2_practica_2\tpv2\x64\debug\vc143.idb
c:\users\usuario\documents\proyectos de git hub\tpv2_2324\tpv2_practica_2\tpv2\x64\debug\collisionssystem.obj
c:\users\usuario\documents\proyectos de git hub\tpv2_2324\tpv2_practica_2\tpv2\x64\debug\texture.obj
c:\users\usuario\documents\proyectos de git hub\tpv2_2324\tpv2_practica_2\tpv2\x64\debug\soundeffect.obj
c:\users\usuario\documents\proyectos de git hub\tpv2_2324\tpv2_practica_2\tpv2\x64\debug\sdlutils_demo.obj
c:\users\usuario\documents\proyectos de git hub\tpv2_2324\tpv2_practica_2\tpv2\x64\debug\sdlutils.obj
c:\users\usuario\documents\proyectos de git hub\tpv2_2324\tpv2_practica_2\tpv2\x64\debug\main.obj
c:\users\usuario\documents\proyectos de git hub\tpv2_2324\tpv2_practica_2\tpv2\x64\debug\json_demo.obj
c:\users\usuario\documents\proyectos de git hub\tpv2_2324\tpv2_practica_2\tpv2\x64\debug\jsonvalue.obj
c:\users\usuario\documents\proyectos de git hub\tpv2_2324\tpv2_practica_2\tpv2\x64\debug\json.obj
c:\users\usuario\documents\proyectos de git hub\tpv2_2324\tpv2_practica_2\tpv2\x64\debug\runningstate.obj
c:\users\usuario\documents\proyectos de git hub\tpv2_2324\tpv2_practica_2\tpv2\x64\debug\pausedstate.obj
c:\users\usuario\documents\proyectos de git hub\tpv2_2324\tpv2_practica_2\tpv2\x64\debug\newroundstate.obj
c:\users\usuario\documents\proyectos de git hub\tpv2_2324\tpv2_practica_2\tpv2\x64\debug\newgamestate.obj
c:\users\usuario\documents\proyectos de git hub\tpv2_2324\tpv2_practica_2\tpv2\x64\debug\gameoverstate.obj
c:\users\usuario\documents\proyectos de git hub\tpv2_2324\tpv2_practica_2\tpv2\x64\debug\game.obj
c:\users\usuario\documents\proyectos de git hub\tpv2_2324\tpv2_practica_2\tpv2\x64\debug\manager.obj
c:\users\usuario\documents\proyectos de git hub\tpv2_2324\tpv2_practica_2\tpv2\x64\debug\transform.obj
c:\users\usuario\documents\proyectos de git hub\tpv2_2324\tpv2_practica_2\tpv2\x64\debug\imagewithframes.obj
c:\users\usuario\documents\proyectos de git hub\tpv2_2324\tpv2_practica_2\tpv2\x64\debug\image.obj
c:\users\usuario\documents\proyectos de git hub\tpv2_2324\tpv2_practica_2\tpv2\x64\debug\health.obj
c:\users\usuario\documents\proyectos de git hub\tpv2_2324\tpv2_practica_2\tpv2\x64\debug\vector2d.obj
c:\users\usuario\documents\proyectos de git hub\tpv2_2324\tpv2_practica_2\tpv2\x64\debug\collisions.obj
c:\users\usuario\documents\proyectos de git hub\tpv2_2324\tpv2_practica_2\tpv2\x64\debug\rendersystem.obj
c:\users\usuario\documents\proyectos de git hub\tpv2_2324\tpv2_practica_2\tpv2\x64\debug\pacmansystem.obj
c:\users\usuario\documents\proyectos de git hub\tpv2_2324\tpv2_practica_2\tpv2\x64\debug\immunitysystem.obj
c:\users\usuario\documents\proyectos de git hub\tpv2_2324\tpv2_practica_2\tpv2\x64\debug\ghostsystem.obj
c:\users\usuario\documents\proyectos de git hub\tpv2_2324\tpv2_practica_2\tpv2\x64\debug\foodsystem.obj
c:\users\usuario\documents\proyectos de git hub\tpv2_2324\tpv2_practica_2\tpv2\x64\debug\puntuation.obj
c:\users\usuario\documents\proyectos de git hub\tpv2_2324\tpv2_practica_2\tpv2\x64\debug\winstate.obj
c:\users\usuario\documents\proyectos de git hub\tpv2_2324\tpv2_practica_2\tpv2\x64\debug\miraculous.obj
c:\users\usuario\documents\proyectos de git hub\tpv2_2324\tpv2_practica_2\tpv2\x64\debug\inmunity.obj
c:\users\usuario\documents\proyectos de git hub\tpv2_2324\tpv2_practica_2\bin\tpv2debug.exe
c:\users\usuario\documents\proyectos de git hub\tpv2_2324\tpv2_practica_2\tpv2\x64\debug\tpv2debug.ilk
c:\users\usuario\documents\proyectos de git hub\tpv2_2324\tpv2_practica_2\bin\tpv2debug.pdb
c:\users\usuario\documents\proyectos de git hub\tpv2_2324\tpv2_practica_2\tpv2\x64\debug\gamectrlsystem.obj
c:\users\usuario\documents\proyectos de git hub\tpv2_2324\tpv2_practica_2\tpv2\x64\debug\puntuationsystem.obj
c:\users\usuario\documents\proyectos de git hub\tpv2_2324\tpv2_practica_2\tpv2\x64\debug\collisionssystem.obj.enc
c:\users\usuario\documents\proyectos de git hub\tpv2_2324\tpv2_practica_2\tpv2\x64\debug\tpv2.tlog\cl.command.1.tlog
c:\users\usuario\documents\proyectos de git hub\tpv2_2324\tpv2_practica_2\tpv2\x64\debug\tpv2.tlog\cl.items.tlog
c:\users\usuario\documents\proyectos de git hub\tpv2_2324\tpv2_practica_2\tpv2\x64\debug\tpv2.tlog\cl.read.1.tlog
c:\users\usuario\documents\proyectos de git hub\tpv2_2324\tpv2_practica_2\tpv2\x64\debug\tpv2.tlog\cl.write.1.tlog
c:\users\usuario\documents\proyectos de git hub\tpv2_2324\tpv2_practica_2\tpv2\x64\debug\tpv2.tlog\link.command.1.tlog
c:\users\usuario\documents\proyectos de git hub\tpv2_2324\tpv2_practica_2\tpv2\x64\debug\tpv2.tlog\link.read.1.tlog
c:\users\usuario\documents\proyectos de git hub\tpv2_2324\tpv2_practica_2\tpv2\x64\debug\tpv2.tlog\link.write.1.tlog
