C:\Program Files\Microsoft Visual Studio\2022\Community\MSBuild\Microsoft\VC\v170\Microsoft.CppBuild.targets(517,5): warning MSB8004: El directorio Output no termina con una barra diagonal final. Esta instancia de compilación agregará la barra diagonal porque es necesaria para que se pueda evaluar correctamente el directorio Output.
  GhostSystem.cpp
C:\Users\Usuario\Documents\Proyectos de Git Hub\TPV2_2324\TPV2_PRACTICA_2\TPV2\src\components\ImageWithFrames.h(9,16): warning C4099: 'Transform': nombre de tipo visto anteriormente usando 'struct' ahora se ve usando 'class'
C:\Users\Usuario\Documents\Proyectos de Git Hub\TPV2_2324\TPV2_PRACTICA_2\TPV2\src\systems\GhostSystem.h(5,8): message : vea la declaración de 'Transform'
C:\Users\Usuario\Documents\Proyectos de Git Hub\TPV2_2324\TPV2_PRACTICA_2\TPV2\src\components\Transform.h(8,16): warning C4099: 'Transform': nombre de tipo visto anteriormente usando 'struct' ahora se ve usando 'class'
C:\Users\Usuario\Documents\Proyectos de Git Hub\TPV2_2324\TPV2_PRACTICA_2\TPV2\src\components\Transform.h(8,7): message : vea la declaración de 'Transform'
C:\Users\Usuario\Documents\Proyectos de Git Hub\TPV2_2324\TPV2_PRACTICA_2\TPV2\src\systems\GhostSystem.cpp(36,8): warning C4244: 'inicializando': conversión de 'float' a 'int'; posible pérdida de datos
C:\Users\Usuario\Documents\Proyectos de Git Hub\TPV2_2324\TPV2_PRACTICA_2\TPV2\src\systems\GhostSystem.cpp(41,52): warning C4244: 'argumento': conversión de 'int' a 'float'; posible pérdida de datos
C:\Users\Usuario\Documents\Proyectos de Git Hub\TPV2_2324\TPV2_PRACTICA_2\TPV2\src\systems\GhostSystem.cpp(41,49): warning C4244: 'argumento': conversión de 'int' a 'float'; posible pérdida de datos
C:\Users\Usuario\Documents\Proyectos de Git Hub\TPV2_2324\TPV2_PRACTICA_2\TPV2\src\systems\GhostSystem.cpp(52,63): warning C4244: '=': conversión de 'Uint32' a 'float'; posible pérdida de datos
C:\Users\Usuario\Documents\Proyectos de Git Hub\TPV2_2324\TPV2_PRACTICA_2\TPV2\src\systems\GhostSystem.cpp(134,63): warning C4244: '=': conversión de 'Uint32' a 'float'; posible pérdida de datos
C:\Users\Usuario\Documents\Proyectos de Git Hub\TPV2_2324\TPV2_PRACTICA_2\TPV2\src\sdlutils\SDLUtils.h(51,32): warning C4101: 'e': variable local sin referencia
C:\Users\Usuario\Documents\Proyectos de Git Hub\TPV2_2324\TPV2_PRACTICA_2\TPV2\src\sdlutils\SDLUtils.h(48,13): message : al compilar la función del miembro clase plantilla "T &SDLUtils::map_access_wrapper<T>::at(const std::string &)"
          with
          [
              T=Texture
          ]
C:\Users\Usuario\Documents\Proyectos de Git Hub\TPV2_2324\TPV2_PRACTICA_2\TPV2\src\systems\GhostSystem.cpp(42,38): message : vea la primera referencia a “SDLUtils::map_access_wrapper<Texture>::at” en “GhostSystem::createGhost”
C:\Users\Usuario\Documents\Proyectos de Git Hub\TPV2_2324\TPV2_PRACTICA_2\TPV2\src\sdlutils\SDLUtils.h(199,30): message : Vea la referencia a la creación de una instancia de clase plantilla "SDLUtils::map_access_wrapper<Texture>" que se está compilando
C:\Users\Usuario\Documents\Proyectos de Git Hub\TPV2_2324\TPV2_PRACTICA_2\TPV2\src\ecs\Manager.h(96,40): warning C4244: 'argumento': conversión de 'int' a 'float'; posible pérdida de datos
C:\Users\Usuario\Documents\Proyectos de Git Hub\TPV2_2324\TPV2_PRACTICA_2\TPV2\src\systems\GhostSystem.cpp(41,7): message : Vea la referencia a la creación de una instancia de la función plantilla "T *ecs::Manager::addComponent<Transform,Vector2D,Vector2D,int&,int&,float>(ecs::entity_t,Vector2D &&,Vector2D &&,int &,int &,float &&)" que se está compilando
          with
          [
              T=Transform
          ]
  PacManSystem.cpp
C:\Users\Usuario\Documents\Proyectos de Git Hub\TPV2_2324\TPV2_PRACTICA_2\TPV2\src\components\ImageWithFrames.h(9,16): warning C4099: 'Transform': nombre de tipo visto anteriormente usando 'struct' ahora se ve usando 'class'
C:\Users\Usuario\Documents\Proyectos de Git Hub\TPV2_2324\TPV2_PRACTICA_2\TPV2\src\systems\PacManSystem.h(7,8): message : vea la declaración de 'Transform'
C:\Users\Usuario\Documents\Proyectos de Git Hub\TPV2_2324\TPV2_PRACTICA_2\TPV2\src\components\Transform.h(8,16): warning C4099: 'Transform': nombre de tipo visto anteriormente usando 'struct' ahora se ve usando 'class'
C:\Users\Usuario\Documents\Proyectos de Git Hub\TPV2_2324\TPV2_PRACTICA_2\TPV2\src\components\Transform.h(8,7): message : vea la declaración de 'Transform'
C:\Users\Usuario\Documents\Proyectos de Git Hub\TPV2_2324\TPV2_PRACTICA_2\TPV2\src\sdlutils\SDLUtils.h(51,32): warning C4101: 'e': variable local sin referencia
C:\Users\Usuario\Documents\Proyectos de Git Hub\TPV2_2324\TPV2_PRACTICA_2\TPV2\src\sdlutils\SDLUtils.h(48,13): message : al compilar la función del miembro clase plantilla "T &SDLUtils::map_access_wrapper<T>::at(const std::string &)"
          with
          [
              T=Texture
          ]
C:\Users\Usuario\Documents\Proyectos de Git Hub\TPV2_2324\TPV2_PRACTICA_2\TPV2\src\systems\PacManSystem.cpp(123,38): message : vea la primera referencia a “SDLUtils::map_access_wrapper<Texture>::at” en “PacManSystem::createPacman”
C:\Users\Usuario\Documents\Proyectos de Git Hub\TPV2_2324\TPV2_PRACTICA_2\TPV2\src\sdlutils\SDLUtils.h(199,30): message : Vea la referencia a la creación de una instancia de clase plantilla "SDLUtils::map_access_wrapper<Texture>" que se está compilando
  Generando código...
  TPV2.vcxproj -> C:\Users\Usuario\Documents\Proyectos de Git Hub\TPV2_2324\TPV2_PRACTICA_2\bin\TPV2Debug.exe
