C:\Program Files\Microsoft Visual Studio\2022\Community\MSBuild\Microsoft\VC\v170\Microsoft.CppBuild.targets(517,5): warning MSB8004: El directorio Output no termina con una barra diagonal final. Esta instancia de compilación agregará la barra diagonal porque es necesaria para que se pueda evaluar correctamente el directorio Output.
  DeAcceleration.cpp
  FighterCtrl.cpp
C:\Users\Usuario\Documents\Proyectos de Git Hub\TPV2_2324\TPV2_PRACTICA_1\TPV2\src\sdlutils\SDLUtils.h(51,32): warning C4101: 'e': variable local sin referencia
C:\Users\Usuario\Documents\Proyectos de Git Hub\TPV2_2324\TPV2_PRACTICA_1\TPV2\src\sdlutils\SDLUtils.h(48,13): message : al compilar la función del miembro clase plantilla "T &SDLUtils::map_access_wrapper<T>::at(const std::string &)"
          with
          [
              T=SoundEffect
          ]
C:\Users\Usuario\Documents\Proyectos de Git Hub\TPV2_2324\TPV2_PRACTICA_1\TPV2\src\components\FighterCtrl.cpp(34,46): message : vea la primera referencia a “SDLUtils::map_access_wrapper<SoundEffect>::at” en “FighterCtrl::update”
C:\Users\Usuario\Documents\Proyectos de Git Hub\TPV2_2324\TPV2_PRACTICA_1\TPV2\src\sdlutils\SDLUtils.h(201,34): message : Vea la referencia a la creación de una instancia de clase plantilla "SDLUtils::map_access_wrapper<SoundEffect>" que se está compilando
  Follow.cpp
  Gun.cpp
C:\Users\Usuario\Documents\Proyectos de Git Hub\TPV2_2324\TPV2_PRACTICA_1\TPV2\src\components\Gun.cpp(48,36): warning C4244: 'argumento': conversión de 'int' a 'float'; posible pérdida de datos
C:\Users\Usuario\Documents\Proyectos de Git Hub\TPV2_2324\TPV2_PRACTICA_1\TPV2\src\components\Gun.cpp(48,23): warning C4244: 'argumento': conversión de 'int' a 'float'; posible pérdida de datos
C:\Users\Usuario\Documents\Proyectos de Git Hub\TPV2_2324\TPV2_PRACTICA_1\TPV2\src\components\Gun.cpp(61,51): warning C4244: 'argumento': conversión de 'int' a 'float'; posible pérdida de datos
C:\Users\Usuario\Documents\Proyectos de Git Hub\TPV2_2324\TPV2_PRACTICA_1\TPV2\src\components\Gun.cpp(61,40): warning C4244: 'argumento': conversión de 'int' a 'float'; posible pérdida de datos
C:\Users\Usuario\Documents\Proyectos de Git Hub\TPV2_2324\TPV2_PRACTICA_1\TPV2\src\components\Gun.cpp(61,33): warning C4244: 'argumento': conversión de 'int' a 'float'; posible pérdida de datos
C:\Users\Usuario\Documents\Proyectos de Git Hub\TPV2_2324\TPV2_PRACTICA_1\TPV2\src\components\Gun.cpp(61,23): warning C4244: 'argumento': conversión de 'int' a 'float'; posible pérdida de datos
C:\Users\Usuario\Documents\Proyectos de Git Hub\TPV2_2324\TPV2_PRACTICA_1\TPV2\src\components\Gun.cpp(72,51): warning C4244: 'argumento': conversión de 'int' a 'float'; posible pérdida de datos
C:\Users\Usuario\Documents\Proyectos de Git Hub\TPV2_2324\TPV2_PRACTICA_1\TPV2\src\components\Gun.cpp(72,42): warning C4244: 'argumento': conversión de 'int' a 'float'; posible pérdida de datos
C:\Users\Usuario\Documents\Proyectos de Git Hub\TPV2_2324\TPV2_PRACTICA_1\TPV2\src\sdlutils\SDLUtils.h(51,32): warning C4101: 'e': variable local sin referencia
C:\Users\Usuario\Documents\Proyectos de Git Hub\TPV2_2324\TPV2_PRACTICA_1\TPV2\src\sdlutils\SDLUtils.h(48,13): message : al compilar la función del miembro clase plantilla "T &SDLUtils::map_access_wrapper<T>::at(const std::string &)"
          with
          [
              T=SoundEffect
          ]
C:\Users\Usuario\Documents\Proyectos de Git Hub\TPV2_2324\TPV2_PRACTICA_1\TPV2\src\components\Gun.cpp(95,47): message : vea la primera referencia a “SDLUtils::map_access_wrapper<SoundEffect>::at” en “Gun::shoot”
C:\Users\Usuario\Documents\Proyectos de Git Hub\TPV2_2324\TPV2_PRACTICA_1\TPV2\src\sdlutils\SDLUtils.h(201,34): message : Vea la referencia a la creación de una instancia de clase plantilla "SDLUtils::map_access_wrapper<SoundEffect>" que se está compilando
  Image.cpp
  ImageWithFrames.cpp
C:\Users\Usuario\Documents\Proyectos de Git Hub\TPV2_2324\TPV2_PRACTICA_1\TPV2\src\components\ImageWithFrames.cpp(52,4): warning C4244: 'argumento': conversión de 'int' a 'float'; posible pérdida de datos
C:\Users\Usuario\Documents\Proyectos de Git Hub\TPV2_2324\TPV2_PRACTICA_1\TPV2\src\components\ImageWithFrames.cpp(51,72): warning C4244: 'argumento': conversión de 'int' a 'float'; posible pérdida de datos
C:\Users\Usuario\Documents\Proyectos de Git Hub\TPV2_2324\TPV2_PRACTICA_1\TPV2\src\components\ImageWithFrames.cpp(51,66): warning C4244: 'argumento': conversión de 'int' a 'float'; posible pérdida de datos
C:\Users\Usuario\Documents\Proyectos de Git Hub\TPV2_2324\TPV2_PRACTICA_1\TPV2\src\components\ImageWithFrames.cpp(51,43): warning C4244: 'argumento': conversión de 'int' a 'float'; posible pérdida de datos
  ShowAtOpossiteSide.cpp
C:\Users\Usuario\Documents\Proyectos de Git Hub\TPV2_2324\TPV2_PRACTICA_1\TPV2\src\components\ShowAtOpossiteSide.cpp(27,32): warning C4244: 'argumento': conversión de 'int' a 'float'; posible pérdida de datos
C:\Users\Usuario\Documents\Proyectos de Git Hub\TPV2_2324\TPV2_PRACTICA_1\TPV2\src\components\ShowAtOpossiteSide.cpp(33,31): warning C4244: 'argumento': conversión de 'int' a 'float'; posible pérdida de datos
  TowardsDestination.cpp
C:\Users\Usuario\Documents\Proyectos de Git Hub\TPV2_2324\TPV2_PRACTICA_1\TPV2\src\components\TowardsDestination.cpp(33,22): warning C4244: 'argumento': conversión de 'int' a 'float'; posible pérdida de datos
C:\Users\Usuario\Documents\Proyectos de Git Hub\TPV2_2324\TPV2_PRACTICA_1\TPV2\src\components\TowardsDestination.cpp(33,19): warning C4244: 'argumento': conversión de 'int' a 'float'; posible pérdida de datos
  Transform.cpp
C:\Users\Usuario\Documents\Proyectos de Git Hub\TPV2_2324\TPV2_PRACTICA_1\TPV2\src\components\Transform.cpp(33,14): warning C4244: 'argumento': conversión de 'float' a 'int'; posible pérdida de datos
C:\Users\Usuario\Documents\Proyectos de Git Hub\TPV2_2324\TPV2_PRACTICA_1\TPV2\src\components\Transform.cpp(32,71): warning C4244: 'argumento': conversión de 'float' a 'int'; posible pérdida de datos
C:\Users\Usuario\Documents\Proyectos de Git Hub\TPV2_2324\TPV2_PRACTICA_1\TPV2\src\components\Transform.cpp(32,56): warning C4244: 'argumento': conversión de 'float' a 'int'; posible pérdida de datos
C:\Users\Usuario\Documents\Proyectos de Git Hub\TPV2_2324\TPV2_PRACTICA_1\TPV2\src\components\Transform.cpp(32,41): warning C4244: 'argumento': conversión de 'float' a 'int'; posible pérdida de datos
C:\Users\Usuario\Documents\Proyectos de Git Hub\TPV2_2324\TPV2_PRACTICA_1\TPV2\src\components\Transform.cpp(35,14): warning C4244: 'argumento': conversión de 'float' a 'int'; posible pérdida de datos
C:\Users\Usuario\Documents\Proyectos de Git Hub\TPV2_2324\TPV2_PRACTICA_1\TPV2\src\components\Transform.cpp(34,71): warning C4244: 'argumento': conversión de 'float' a 'int'; posible pérdida de datos
C:\Users\Usuario\Documents\Proyectos de Git Hub\TPV2_2324\TPV2_PRACTICA_1\TPV2\src\components\Transform.cpp(34,56): warning C4244: 'argumento': conversión de 'float' a 'int'; posible pérdida de datos
C:\Users\Usuario\Documents\Proyectos de Git Hub\TPV2_2324\TPV2_PRACTICA_1\TPV2\src\components\Transform.cpp(34,41): warning C4244: 'argumento': conversión de 'float' a 'int'; posible pérdida de datos
C:\Users\Usuario\Documents\Proyectos de Git Hub\TPV2_2324\TPV2_PRACTICA_1\TPV2\src\components\Transform.cpp(37,14): warning C4244: 'argumento': conversión de 'float' a 'int'; posible pérdida de datos
C:\Users\Usuario\Documents\Proyectos de Git Hub\TPV2_2324\TPV2_PRACTICA_1\TPV2\src\components\Transform.cpp(36,71): warning C4244: 'argumento': conversión de 'float' a 'int'; posible pérdida de datos
C:\Users\Usuario\Documents\Proyectos de Git Hub\TPV2_2324\TPV2_PRACTICA_1\TPV2\src\components\Transform.cpp(36,56): warning C4244: 'argumento': conversión de 'float' a 'int'; posible pérdida de datos
C:\Users\Usuario\Documents\Proyectos de Git Hub\TPV2_2324\TPV2_PRACTICA_1\TPV2\src\components\Transform.cpp(36,41): warning C4244: 'argumento': conversión de 'float' a 'int'; posible pérdida de datos
C:\Users\Usuario\Documents\Proyectos de Git Hub\TPV2_2324\TPV2_PRACTICA_1\TPV2\src\components\Transform.cpp(39,14): warning C4244: 'argumento': conversión de 'float' a 'int'; posible pérdida de datos
C:\Users\Usuario\Documents\Proyectos de Git Hub\TPV2_2324\TPV2_PRACTICA_1\TPV2\src\components\Transform.cpp(38,71): warning C4244: 'argumento': conversión de 'float' a 'int'; posible pérdida de datos
C:\Users\Usuario\Documents\Proyectos de Git Hub\TPV2_2324\TPV2_PRACTICA_1\TPV2\src\components\Transform.cpp(38,56): warning C4244: 'argumento': conversión de 'float' a 'int'; posible pérdida de datos
C:\Users\Usuario\Documents\Proyectos de Git Hub\TPV2_2324\TPV2_PRACTICA_1\TPV2\src\components\Transform.cpp(38,41): warning C4244: 'argumento': conversión de 'float' a 'int'; posible pérdida de datos
C:\Users\Usuario\Documents\Proyectos de Git Hub\TPV2_2324\TPV2_PRACTICA_1\TPV2\src\components\Transform.cpp(52,64): warning C4244: 'argumento': conversión de 'float' a 'int'; posible pérdida de datos
C:\Users\Usuario\Documents\Proyectos de Git Hub\TPV2_2324\TPV2_PRACTICA_1\TPV2\src\components\Transform.cpp(52,48): warning C4244: 'argumento': conversión de 'float' a 'int'; posible pérdida de datos
C:\Users\Usuario\Documents\Proyectos de Git Hub\TPV2_2324\TPV2_PRACTICA_1\TPV2\src\components\Transform.cpp(52,34): warning C4244: 'argumento': conversión de 'float' a 'int'; posible pérdida de datos
C:\Users\Usuario\Documents\Proyectos de Git Hub\TPV2_2324\TPV2_PRACTICA_1\TPV2\src\components\Transform.cpp(52,31): warning C4244: 'argumento': conversión de 'float' a 'int'; posible pérdida de datos
  AsteroidsUtils.cpp
C:\Users\Usuario\Documents\Proyectos de Git Hub\TPV2_2324\TPV2_PRACTICA_1\TPV2\src\game\AsteroidsUtils.cpp(61,28): warning C4244: 'argumento': conversión de 'int' a 'float'; posible pérdida de datos
C:\Users\Usuario\Documents\Proyectos de Git Hub\TPV2_2324\TPV2_PRACTICA_1\TPV2\src\game\AsteroidsUtils.cpp(61,25): warning C4244: 'argumento': conversión de 'int' a 'float'; posible pérdida de datos
C:\Users\Usuario\Documents\Proyectos de Git Hub\TPV2_2324\TPV2_PRACTICA_1\TPV2\src\game\AsteroidsUtils.cpp(63,17): warning C4244: 'argumento': conversión de 'int' a 'float'; posible pérdida de datos
C:\Users\Usuario\Documents\Proyectos de Git Hub\TPV2_2324\TPV2_PRACTICA_1\TPV2\src\game\AsteroidsUtils.cpp(62,36): warning C4244: 'argumento': conversión de 'int' a 'float'; posible pérdida de datos
C:\Users\Usuario\Documents\Proyectos de Git Hub\TPV2_2324\TPV2_PRACTICA_1\TPV2\src\game\AsteroidsUtils.cpp(125,34): warning C4244: 'argumento': conversión de 'int' a 'float'; posible pérdida de datos
C:\Users\Usuario\Documents\Proyectos de Git Hub\TPV2_2324\TPV2_PRACTICA_1\TPV2\src\game\AsteroidsUtils.cpp(125,55): warning C4244: 'argumento': conversión de 'int' a 'float'; posible pérdida de datos
C:\Users\Usuario\Documents\Proyectos de Git Hub\TPV2_2324\TPV2_PRACTICA_1\TPV2\src\sdlutils\SDLUtils.h(51,32): warning C4101: 'e': variable local sin referencia
C:\Users\Usuario\Documents\Proyectos de Git Hub\TPV2_2324\TPV2_PRACTICA_1\TPV2\src\sdlutils\SDLUtils.h(48,13): message : al compilar la función del miembro clase plantilla "T &SDLUtils::map_access_wrapper<T>::at(const std::string &)"
          with
          [
              T=Texture
          ]
C:\Users\Usuario\Documents\Proyectos de Git Hub\TPV2_2324\TPV2_PRACTICA_1\TPV2\src\game\AsteroidsUtils.cpp(85,37): message : vea la primera referencia a “SDLUtils::map_access_wrapper<Texture>::at” en “AsteroidsUtils::generateAsteroid”
C:\Users\Usuario\Documents\Proyectos de Git Hub\TPV2_2324\TPV2_PRACTICA_1\TPV2\src\sdlutils\SDLUtils.h(199,30): message : Vea la referencia a la creación de una instancia de clase plantilla "SDLUtils::map_access_wrapper<Texture>" que se está compilando
C:\Users\Usuario\Documents\Proyectos de Git Hub\TPV2_2324\TPV2_PRACTICA_1\TPV2\src\ecs\Manager.h(86,40): warning C4244: 'argumento': conversión de '_Ty' a 'float'; posible pérdida de datos
          with
          [
              _Ty=int
          ]
C:\Users\Usuario\Documents\Proyectos de Git Hub\TPV2_2324\TPV2_PRACTICA_1\TPV2\src\game\AsteroidsUtils.cpp(81,6): message : Vea la referencia a la creación de una instancia de la función plantilla "T *ecs::Manager::addComponent<Transform,const Vector2D&,const Vector2D&,int,int,float>(ecs::entity_t,const Vector2D &,const Vector2D &,int &&,int &&,float &&)" que se está compilando
          with
          [
              T=Transform
          ]
  BlackHolesUtils.cpp
C:\Users\Usuario\Documents\Proyectos de Git Hub\TPV2_2324\TPV2_PRACTICA_1\TPV2\src\game\BlackHolesUtils.cpp(26,52): warning C4244: 'argumento': conversión de 'double' a 'int'; posible pérdida de datos
C:\Users\Usuario\Documents\Proyectos de Git Hub\TPV2_2324\TPV2_PRACTICA_1\TPV2\src\game\BlackHolesUtils.cpp(26,26): warning C4244: 'argumento': conversión de 'double' a 'int'; posible pérdida de datos
C:\Users\Usuario\Documents\Proyectos de Git Hub\TPV2_2324\TPV2_PRACTICA_1\TPV2\src\game\BlackHolesUtils.cpp(26,21): warning C4244: '=': conversión de 'int' a 'float'; posible pérdida de datos
C:\Users\Usuario\Documents\Proyectos de Git Hub\TPV2_2324\TPV2_PRACTICA_1\TPV2\src\game\BlackHolesUtils.cpp(27,53): warning C4244: 'argumento': conversión de 'double' a 'int'; posible pérdida de datos
C:\Users\Usuario\Documents\Proyectos de Git Hub\TPV2_2324\TPV2_PRACTICA_1\TPV2\src\game\BlackHolesUtils.cpp(27,26): warning C4244: 'argumento': conversión de 'double' a 'int'; posible pérdida de datos
C:\Users\Usuario\Documents\Proyectos de Git Hub\TPV2_2324\TPV2_PRACTICA_1\TPV2\src\game\BlackHolesUtils.cpp(27,21): warning C4244: '=': conversión de 'int' a 'float'; posible pérdida de datos
C:\Users\Usuario\Documents\Proyectos de Git Hub\TPV2_2324\TPV2_PRACTICA_1\TPV2\src\sdlutils\SDLUtils.h(51,32): warning C4101: 'e': variable local sin referencia
C:\Users\Usuario\Documents\Proyectos de Git Hub\TPV2_2324\TPV2_PRACTICA_1\TPV2\src\sdlutils\SDLUtils.h(48,13): message : al compilar la función del miembro clase plantilla "T &SDLUtils::map_access_wrapper<T>::at(const std::string &)"
          with
          [
              T=Texture
          ]
C:\Users\Usuario\Documents\Proyectos de Git Hub\TPV2_2324\TPV2_PRACTICA_1\TPV2\src\game\BlackHolesUtils.cpp(49,27): message : vea la primera referencia a “SDLUtils::map_access_wrapper<Texture>::at” en “BlackHolesUtils::generateBlackHoles”
C:\Users\Usuario\Documents\Proyectos de Git Hub\TPV2_2324\TPV2_PRACTICA_1\TPV2\src\sdlutils\SDLUtils.h(199,30): message : Vea la referencia a la creación de una instancia de clase plantilla "SDLUtils::map_access_wrapper<Texture>" que se está compilando
C:\Users\Usuario\Documents\Proyectos de Git Hub\TPV2_2324\TPV2_PRACTICA_1\TPV2\src\ecs\Manager.h(86,40): warning C4244: 'argumento': conversión de '_Ty' a 'float'; posible pérdida de datos
          with
          [
              _Ty=double
          ]
C:\Users\Usuario\Documents\Proyectos de Git Hub\TPV2_2324\TPV2_PRACTICA_1\TPV2\src\game\BlackHolesUtils.cpp(48,6): message : Vea la referencia a la creación de una instancia de la función plantilla "T *ecs::Manager::addComponent<Transform,const Vector2D&,Vector2D,double,double,float>(ecs::entity_t,const Vector2D &,Vector2D &&,double &&,double &&,float &&)" que se está compilando
          with
          [
              T=Transform
          ]
  FighterUtils.cpp
C:\Users\Usuario\Documents\Proyectos de Git Hub\TPV2_2324\TPV2_PRACTICA_1\TPV2\src\game\FighterUtils.cpp(31,32): warning C4244: 'argumento': conversión de 'int' a 'float'; posible pérdida de datos
C:\Users\Usuario\Documents\Proyectos de Git Hub\TPV2_2324\TPV2_PRACTICA_1\TPV2\src\game\FighterUtils.cpp(30,38): warning C4244: 'argumento': conversión de 'int' a 'float'; posible pérdida de datos
C:\Users\Usuario\Documents\Proyectos de Git Hub\TPV2_2324\TPV2_PRACTICA_1\TPV2\src\game\FighterUtils.cpp(31,53): warning C4244: 'argumento': conversión de 'int' a 'float'; posible pérdida de datos
C:\Users\Usuario\Documents\Proyectos de Git Hub\TPV2_2324\TPV2_PRACTICA_1\TPV2\src\game\FighterUtils.cpp(31,50): warning C4244: 'argumento': conversión de 'int' a 'float'; posible pérdida de datos
C:\Users\Usuario\Documents\Proyectos de Git Hub\TPV2_2324\TPV2_PRACTICA_1\TPV2\src\sdlutils\SDLUtils.h(51,32): warning C4101: 'e': variable local sin referencia
C:\Users\Usuario\Documents\Proyectos de Git Hub\TPV2_2324\TPV2_PRACTICA_1\TPV2\src\sdlutils\SDLUtils.h(48,13): message : al compilar la función del miembro clase plantilla "T &SDLUtils::map_access_wrapper<T>::at(const std::string &)"
          with
          [
              T=Texture
          ]
C:\Users\Usuario\Documents\Proyectos de Git Hub\TPV2_2324\TPV2_PRACTICA_1\TPV2\src\game\FighterUtils.cpp(44,28): message : vea la primera referencia a “SDLUtils::map_access_wrapper<Texture>::at” en “FighterUtils::create_fighter”
C:\Users\Usuario\Documents\Proyectos de Git Hub\TPV2_2324\TPV2_PRACTICA_1\TPV2\src\sdlutils\SDLUtils.h(199,30): message : Vea la referencia a la creación de una instancia de clase plantilla "SDLUtils::map_access_wrapper<Texture>" que se está compilando
  Game.cpp
  MissilesUtils.cpp
  RunningState.cpp
C:\Users\Usuario\Documents\Proyectos de Git Hub\TPV2_2324\TPV2_PRACTICA_1\TPV2\src\game\RunningState.cpp(123,8): warning C4244: 'argumento': conversión de 'int' a 'float'; posible pérdida de datos
C:\Users\Usuario\Documents\Proyectos de Git Hub\TPV2_2324\TPV2_PRACTICA_1\TPV2\src\game\RunningState.cpp(122,8): warning C4244: 'argumento': conversión de 'int' a 'float'; posible pérdida de datos
C:\Users\Usuario\Documents\Proyectos de Git Hub\TPV2_2324\TPV2_PRACTICA_1\TPV2\src\game\RunningState.cpp(175,67): warning C4244: 'argumento': conversión de 'double' a 'int'; posible pérdida de datos
C:\Users\Usuario\Documents\Proyectos de Git Hub\TPV2_2324\TPV2_PRACTICA_1\TPV2\src\game\RunningState.cpp(175,41): warning C4244: 'argumento': conversión de 'double' a 'int'; posible pérdida de datos
C:\Users\Usuario\Documents\Proyectos de Git Hub\TPV2_2324\TPV2_PRACTICA_1\TPV2\src\game\RunningState.cpp(175,36): warning C4244: '=': conversión de 'int' a 'float'; posible pérdida de datos
C:\Users\Usuario\Documents\Proyectos de Git Hub\TPV2_2324\TPV2_PRACTICA_1\TPV2\src\game\RunningState.cpp(176,68): warning C4244: 'argumento': conversión de 'double' a 'int'; posible pérdida de datos
C:\Users\Usuario\Documents\Proyectos de Git Hub\TPV2_2324\TPV2_PRACTICA_1\TPV2\src\game\RunningState.cpp(176,41): warning C4244: 'argumento': conversión de 'double' a 'int'; posible pérdida de datos
C:\Users\Usuario\Documents\Proyectos de Git Hub\TPV2_2324\TPV2_PRACTICA_1\TPV2\src\game\RunningState.cpp(176,36): warning C4244: '=': conversión de 'int' a 'float'; posible pérdida de datos
C:\Users\Usuario\Documents\Proyectos de Git Hub\TPV2_2324\TPV2_PRACTICA_1\TPV2\src\sdlutils\SDLUtils.h(51,32): warning C4101: 'e': variable local sin referencia
C:\Users\Usuario\Documents\Proyectos de Git Hub\TPV2_2324\TPV2_PRACTICA_1\TPV2\src\sdlutils\SDLUtils.h(48,13): message : al compilar la función del miembro clase plantilla "T &SDLUtils::map_access_wrapper<T>::at(const std::string &)"
          with
          [
              T=SoundEffect
          ]
C:\Users\Usuario\Documents\Proyectos de Git Hub\TPV2_2324\TPV2_PRACTICA_1\TPV2\src\game\RunningState.cpp(131,52): message : vea la primera referencia a “SDLUtils::map_access_wrapper<SoundEffect>::at” en “RunningState::checkCollisions”
C:\Users\Usuario\Documents\Proyectos de Git Hub\TPV2_2324\TPV2_PRACTICA_1\TPV2\src\sdlutils\SDLUtils.h(201,34): message : Vea la referencia a la creación de una instancia de clase plantilla "SDLUtils::map_access_wrapper<SoundEffect>" que se está compilando
  Generando código...
  TPV2.vcxproj -> C:\Users\Usuario\Documents\Proyectos de Git Hub\TPV2_2324\TPV2_PRACTICA_1\bin\TPV2Debug.exe
